<?xml version="1.0" encoding="UTF-8"?>
<!-- Generated by org.testng.reporters.JUnitXMLReporter -->
<testsuite ignored="1" hostname="SSS" failures="0" tests="1" name="Error Validation" time="4.059" errors="0" timestamp="2024-11-12T16:52:26 IST">
  <testcase classname="SeleniumFramework.ErrorValidation" name="LoginErrorValidation" time="0.702"/>
  <testcase classname="SeleniumFramework.ErrorValidation" name="productErrorValidation" time="0.0">
    <ignored/>
  </testcase> <!-- productErrorValidation -->
</testsuite> <!-- Error Validation -->
