<?xml version="1.0" encoding="UTF-8"?>
<!-- Generated by org.testng.reporters.JUnitXMLReporter -->
<testsuite ignored="2" hostname="SSS" failures="0" tests="0" time="0.016" errors="0" timestamp="2024-11-12T16:52:22 IST">
  <testcase classname="SeleniumFramework.PageObject" name="OrderHistory" time="0.0">
    <ignored/>
  </testcase> <!-- OrderHistory -->
  <testcase classname="SeleniumFramework.PageObject" name="submitOrder" time="0.0">
    <ignored/>
  </testcase> <!-- submitOrder -->
</testsuite>
