<?xml version="1.0" encoding="UTF-8"?>
<testng-results ignored="0" total="1" passed="1" failed="0" skipped="0">
  <reporter-output>
  </reporter-output>
  <suite started-at="2024-11-12T16:52:22 IST" name="Suite" finished-at="2024-11-12T16:52:26 IST" duration-ms="4059">
    <groups>
      <group name="ErrorHandling">
        <method signature="ErrorValidation.LoginErrorValidation()[pri:0, instance:SeleniumFramework.ErrorValidation@6933b6c6]" name="LoginErrorValidation" class="SeleniumFramework.ErrorValidation"/>
      </group> <!-- ErrorHandling -->
    </groups>
    <test started-at="2024-11-12T16:52:22 IST" name="Submit order" finished-at="2024-11-12T16:52:22 IST" duration-ms="16">
    </test> <!-- Submit order -->
    <test started-at="2024-11-12T16:52:22 IST" name="Error Validation" finished-at="2024-11-12T16:52:26 IST" duration-ms="4059">
      <class name="SeleniumFramework.ErrorValidation">
        <test-method is-config="true" signature="launchApplication()[pri:0, instance:SeleniumFramework.ErrorValidation@6933b6c6]" started-at="2024-11-12T16:52:22 IST" name="launchApplication" finished-at="2024-11-12T16:52:25 IST" duration-ms="3162" status="PASS">
          <reporter-output>
          </reporter-output>
        </test-method> <!-- launchApplication -->
        <test-method signature="LoginErrorValidation()[pri:0, instance:SeleniumFramework.ErrorValidation@6933b6c6]" started-at="2024-11-12T16:52:25 IST" name="LoginErrorValidation" finished-at="2024-11-12T16:52:26 IST" duration-ms="702" status="PASS">
          <reporter-output>
          </reporter-output>
        </test-method> <!-- LoginErrorValidation -->
        <test-method is-config="true" signature="tearDown()[pri:0, instance:SeleniumFramework.ErrorValidation@6933b6c6]" started-at="2024-11-12T16:52:26 IST" name="tearDown" finished-at="2024-11-12T16:52:26 IST" duration-ms="111" status="PASS">
          <reporter-output>
          </reporter-output>
        </test-method> <!-- tearDown -->
      </class> <!-- SeleniumFramework.ErrorValidation -->
    </test> <!-- Error Validation -->
  </suite> <!-- Suite -->
</testng-results>
